<?xml version="1.0" encoding="UTF-8"?>
<testsuite name="NoteServiceTest" tests="1" skipped="0" failures="0" errors="0" timestamp="2022-04-15T13:06:07" hostname="LAPTOP-6M3T6EG1" time="0.025">
  <properties/>
  <testcase name="restoreComment_fail" classname="NoteServiceTest" time="0.025"/>
  <system-out><![CDATA[]]></system-out>
  <system-err><![CDATA[]]></system-err>
</testsuite>
